running egg_info
writing ../../build/my_action_client/my_action_client.egg-info/PKG-INFO
writing dependency_links to ../../build/my_action_client/my_action_client.egg-info/dependency_links.txt
writing entry points to ../../build/my_action_client/my_action_client.egg-info/entry_points.txt
writing requirements to ../../build/my_action_client/my_action_client.egg-info/requires.txt
writing top-level names to ../../build/my_action_client/my_action_client.egg-info/top_level.txt
reading manifest file '../../build/my_action_client/my_action_client.egg-info/SOURCES.txt'
writing manifest file '../../build/my_action_client/my_action_client.egg-info/SOURCES.txt'
running build
running build_py
running install
/usr/lib/python3/dist-packages/setuptools/command/install.py:34: SetuptoolsDeprecationWarning: setup.py install is deprecated. Use build and pip and other standards-based tools.
  warnings.warn(
running install_lib
running install_data
copying launch/example62_launch_file.launch.py -> /home/user/ros2_ws/install/my_action_client/share/my_action_client
running install_egg_info
removing '/home/user/ros2_ws/install/my_action_client/lib/python3.10/site-packages/my_action_client-0.0.0-py3.10.egg-info' (and everything under it)
Copying ../../build/my_action_client/my_action_client.egg-info to /home/user/ros2_ws/install/my_action_client/lib/python3.10/site-packages/my_action_client-0.0.0-py3.10.egg-info
running install_scripts
Installing example62 script to /home/user/ros2_ws/install/my_action_client/lib/my_action_client
writing list of installed files to '/home/user/ros2_ws/build/my_action_client/install.log'
