[1.386s] Invoking command in '/home/user/ros2_ws/src/my_action_client': PYTHONPATH=/home/user/ros2_ws/build/my_action_client/prefix_override:/home/user/ros2_ws/install/my_action_client/lib/python3.10/site-packages:${PYTHONPATH} _=/usr/bin/env /usr/bin/python3 setup.py egg_info --egg-base ../../build/my_action_client build --build-base /home/user/ros2_ws/build/my_action_client/build install --record /home/user/ros2_ws/build/my_action_client/install.log --single-version-externally-managed
[1.948s] running egg_info
[1.953s] writing ../../build/my_action_client/my_action_client.egg-info/PKG-INFO
[1.953s] writing dependency_links to ../../build/my_action_client/my_action_client.egg-info/dependency_links.txt
[1.953s] writing entry points to ../../build/my_action_client/my_action_client.egg-info/entry_points.txt
[1.953s] writing requirements to ../../build/my_action_client/my_action_client.egg-info/requires.txt
[1.954s] writing top-level names to ../../build/my_action_client/my_action_client.egg-info/top_level.txt
[1.956s] reading manifest file '../../build/my_action_client/my_action_client.egg-info/SOURCES.txt'
[1.958s] writing manifest file '../../build/my_action_client/my_action_client.egg-info/SOURCES.txt'
[1.958s] running build
[1.958s] running build_py
[1.959s] running install
[1.965s] /usr/lib/python3/dist-packages/setuptools/command/install.py:34: SetuptoolsDeprecationWarning: setup.py install is deprecated. Use build and pip and other standards-based tools.
[1.965s]   warnings.warn(
[1.968s] running install_lib
[1.977s] running install_data
[1.977s] copying launch/example62_launch_file.launch.py -> /home/user/ros2_ws/install/my_action_client/share/my_action_client
[1.977s] running install_egg_info
[1.984s] removing '/home/user/ros2_ws/install/my_action_client/lib/python3.10/site-packages/my_action_client-0.0.0-py3.10.egg-info' (and everything under it)
[1.985s] Copying ../../build/my_action_client/my_action_client.egg-info to /home/user/ros2_ws/install/my_action_client/lib/python3.10/site-packages/my_action_client-0.0.0-py3.10.egg-info
[1.986s] running install_scripts
[2.039s] Installing example62 script to /home/user/ros2_ws/install/my_action_client/lib/my_action_client
[2.040s] writing list of installed files to '/home/user/ros2_ws/build/my_action_client/install.log'
[2.090s] Invoked command in '/home/user/ros2_ws/src/my_action_client' returned '0': PYTHONPATH=/home/user/ros2_ws/build/my_action_client/prefix_override:/home/user/ros2_ws/install/my_action_client/lib/python3.10/site-packages:${PYTHONPATH} _=/usr/bin/env /usr/bin/python3 setup.py egg_info --egg-base ../../build/my_action_client build --build-base /home/user/ros2_ws/build/my_action_client/build install --record /home/user/ros2_ws/build/my_action_client/install.log --single-version-externally-managed
