running egg_info
writing ../../build/unit5_pkg/unit5_pkg.egg-info/PKG-INFO
writing dependency_links to ../../build/unit5_pkg/unit5_pkg.egg-info/dependency_links.txt
writing entry points to ../../build/unit5_pkg/unit5_pkg.egg-info/entry_points.txt
writing requirements to ../../build/unit5_pkg/unit5_pkg.egg-info/requires.txt
writing top-level names to ../../build/unit5_pkg/unit5_pkg.egg-info/top_level.txt
reading manifest file '../../build/unit5_pkg/unit5_pkg.egg-info/SOURCES.txt'
writing manifest file '../../build/unit5_pkg/unit5_pkg.egg-info/SOURCES.txt'
running build
running build_py
copying unit5_pkg/exercise53.py -> /home/user/ros2_ws/build/unit5_pkg/build/lib/unit5_pkg
copying unit5_pkg/callback_groups_examples.py -> /home/user/ros2_ws/build/unit5_pkg/build/lib/unit5_pkg
running install
running install_lib
copying /home/user/ros2_ws/build/unit5_pkg/build/lib/unit5_pkg/exercise53.py -> /home/user/ros2_ws/install/unit5_pkg/lib/python3.10/site-packages/unit5_pkg
copying /home/user/ros2_ws/build/unit5_pkg/build/lib/unit5_pkg/callback_groups_examples.py -> /home/user/ros2_ws/install/unit5_pkg/lib/python3.10/site-packages/unit5_pkg
byte-compiling /home/user/ros2_ws/install/unit5_pkg/lib/python3.10/site-packages/unit5_pkg/exercise53.py to exercise53.cpython-310.pyc
byte-compiling /home/user/ros2_ws/install/unit5_pkg/lib/python3.10/site-packages/unit5_pkg/callback_groups_examples.py to callback_groups_examples.cpython-310.pyc
running install_data
copying launch/exercise53.launch.py -> /home/user/ros2_ws/install/unit5_pkg/share/unit5_pkg/launch
running install_egg_info
removing '/home/user/ros2_ws/install/unit5_pkg/lib/python3.10/site-packages/unit5_pkg-0.0.0-py3.10.egg-info' (and everything under it)
Copying ../../build/unit5_pkg/unit5_pkg.egg-info to /home/user/ros2_ws/install/unit5_pkg/lib/python3.10/site-packages/unit5_pkg-0.0.0-py3.10.egg-info
running install_scripts
Installing callback_groups_examples script to /home/user/ros2_ws/install/unit5_pkg/lib/unit5_pkg
Installing exercise51 script to /home/user/ros2_ws/install/unit5_pkg/lib/unit5_pkg
Installing exercise52 script to /home/user/ros2_ws/install/unit5_pkg/lib/unit5_pkg
Installing exercise53 script to /home/user/ros2_ws/install/unit5_pkg/lib/unit5_pkg
writing list of installed files to '/home/user/ros2_ws/build/unit5_pkg/install.log'
