/home/user/ros2_ws/install/unit5_pkg/lib/python3.10/site-packages/unit5_pkg/exercise53.py
/home/user/ros2_ws/install/unit5_pkg/lib/python3.10/site-packages/unit5_pkg/exercise52.py
/home/user/ros2_ws/install/unit5_pkg/lib/python3.10/site-packages/unit5_pkg/exercise51.py
/home/user/ros2_ws/install/unit5_pkg/lib/python3.10/site-packages/unit5_pkg/callback_groups_examples.py
/home/user/ros2_ws/install/unit5_pkg/lib/python3.10/site-packages/unit5_pkg/__init__.py
/home/user/ros2_ws/install/unit5_pkg/lib/python3.10/site-packages/unit5_pkg/__pycache__/exercise53.cpython-310.pyc
/home/user/ros2_ws/install/unit5_pkg/lib/python3.10/site-packages/unit5_pkg/__pycache__/exercise52.cpython-310.pyc
/home/user/ros2_ws/install/unit5_pkg/lib/python3.10/site-packages/unit5_pkg/__pycache__/exercise51.cpython-310.pyc
/home/user/ros2_ws/install/unit5_pkg/lib/python3.10/site-packages/unit5_pkg/__pycache__/callback_groups_examples.cpython-310.pyc
/home/user/ros2_ws/install/unit5_pkg/lib/python3.10/site-packages/unit5_pkg/__pycache__/__init__.cpython-310.pyc
/home/user/ros2_ws/install/unit5_pkg/share/ament_index/resource_index/packages/unit5_pkg
/home/user/ros2_ws/install/unit5_pkg/share/unit5_pkg/package.xml
/home/user/ros2_ws/install/unit5_pkg/share/unit5_pkg/launch/exercise51.launch.py
/home/user/ros2_ws/install/unit5_pkg/share/unit5_pkg/launch/exercise52.launch.py
/home/user/ros2_ws/install/unit5_pkg/share/unit5_pkg/launch/exercise53.launch.py
/home/user/ros2_ws/install/unit5_pkg/lib/python3.10/site-packages/unit5_pkg-0.0.0-py3.10.egg-info/PKG-INFO
/home/user/ros2_ws/install/unit5_pkg/lib/python3.10/site-packages/unit5_pkg-0.0.0-py3.10.egg-info/zip-safe
/home/user/ros2_ws/install/unit5_pkg/lib/python3.10/site-packages/unit5_pkg-0.0.0-py3.10.egg-info/top_level.txt
/home/user/ros2_ws/install/unit5_pkg/lib/python3.10/site-packages/unit5_pkg-0.0.0-py3.10.egg-info/requires.txt
/home/user/ros2_ws/install/unit5_pkg/lib/python3.10/site-packages/unit5_pkg-0.0.0-py3.10.egg-info/entry_points.txt
/home/user/ros2_ws/install/unit5_pkg/lib/python3.10/site-packages/unit5_pkg-0.0.0-py3.10.egg-info/SOURCES.txt
/home/user/ros2_ws/install/unit5_pkg/lib/python3.10/site-packages/unit5_pkg-0.0.0-py3.10.egg-info/dependency_links.txt
/home/user/ros2_ws/install/unit5_pkg/lib/unit5_pkg/callback_groups_examples
/home/user/ros2_ws/install/unit5_pkg/lib/unit5_pkg/exercise51
/home/user/ros2_ws/install/unit5_pkg/lib/unit5_pkg/exercise52
/home/user/ros2_ws/install/unit5_pkg/lib/unit5_pkg/exercise53
