[1.427s] Invoking command in '/home/user/ros2_ws/src/services_quiz': CMAKE_PREFIX_PATH=/home/user/ros2_ws/install/services_quiz_srv:/home/simulations/ros2_sims_ws/install/turtlebot3:/home/simulations/ros2_sims_ws/install/turtlebot3_simulations:/home/simulations/ros2_sims_ws/install/turtlebot3_navigation2:/home/simulations/ros2_sims_ws/install/turtlebot3_msgs:/home/simulations/ros2_sims_ws/install/turtlebot3_gazebo:/home/simulations/ros2_sims_ws/install/turtlebot3_bringup:/home/simulations/ros2_sims_ws/install/turtlebot3_description:/home/simulations/ros2_sims_ws/install/turtlebot3_cartographer:/home/simulations/ros2_sims_ws/install/turtlebot3_as:/home/simulations/ros2_sims_ws/install/t3_action_msg:/home/simulations/ros2_sims_ws/install/dynamixel_sdk LD_LIBRARY_PATH=/home/user/ros2_ws/install/services_quiz_srv/lib:/home/simulations/ros2_sims_ws/install/turtlebot3_msgs/lib:/home/simulations/ros2_sims_ws/install/t3_action_msg/lib:/home/simulations/ros2_sims_ws/install/dynamixel_sdk/lib:/opt/ros/humble/opt/rviz_ogre_vendor/lib:/opt/ros/humble/lib/x86_64-linux-gnu:/opt/ros/humble/lib:/usr/local/cuda-10.2/lib64:/home/user/.catkin_ws_python3/src/TensorRT-7.0.0.11/lib:/usr/lib/x86_64-linux-gnu/gazebo-11/plugins PYTHONPATH=/home/user/ros2_ws/build/services_quiz/prefix_override:/home/user/ros2_ws/install/services_quiz/lib/python3.10/site-packages:${PYTHONPATH} _=/usr/bin/env /usr/bin/python3 setup.py egg_info --egg-base ../../build/services_quiz build --build-base /home/user/ros2_ws/build/services_quiz/build install --record /home/user/ros2_ws/build/services_quiz/install.log --single-version-externally-managed
[1.993s] running egg_info
[1.994s] creating ../../build/services_quiz/services_quiz.egg-info
[1.994s] writing ../../build/services_quiz/services_quiz.egg-info/PKG-INFO
[1.995s] writing dependency_links to ../../build/services_quiz/services_quiz.egg-info/dependency_links.txt
[1.995s] writing entry points to ../../build/services_quiz/services_quiz.egg-info/entry_points.txt
[1.996s] writing requirements to ../../build/services_quiz/services_quiz.egg-info/requires.txt
[1.996s] writing top-level names to ../../build/services_quiz/services_quiz.egg-info/top_level.txt
[1.996s] writing manifest file '../../build/services_quiz/services_quiz.egg-info/SOURCES.txt'
[1.998s] reading manifest file '../../build/services_quiz/services_quiz.egg-info/SOURCES.txt'
[2.000s] writing manifest file '../../build/services_quiz/services_quiz.egg-info/SOURCES.txt'
[2.000s] running build
[2.000s] running build_py
[2.001s] creating /home/user/ros2_ws/build/services_quiz/build
[2.001s] creating /home/user/ros2_ws/build/services_quiz/build/lib
[2.001s] creating /home/user/ros2_ws/build/services_quiz/build/lib/services_quiz
[2.001s] copying services_quiz/client_service.py -> /home/user/ros2_ws/build/services_quiz/build/lib/services_quiz
[2.002s] copying services_quiz/__init__.py -> /home/user/ros2_ws/build/services_quiz/build/lib/services_quiz
[2.002s] copying services_quiz/server_service.py -> /home/user/ros2_ws/build/services_quiz/build/lib/services_quiz
[2.002s] running install
[2.002s] running install_lib
[2.003s] creating /home/user/ros2_ws/install/services_quiz/lib/python3.10/site-packages/services_quiz
[2.003s] copying /home/user/ros2_ws/build/services_quiz/build/lib/services_quiz/client_service.py -> /home/user/ros2_ws/install/services_quiz/lib/python3.10/site-packages/services_quiz
[2.004s] copying /home/user/ros2_ws/build/services_quiz/build/lib/services_quiz/__init__.py -> /home/user/ros2_ws/install/services_quiz/lib/python3.10/site-packages/services_quiz
[2.004s] copying /home/user/ros2_ws/build/services_quiz/build/lib/services_quiz/server_service.py -> /home/user/ros2_ws/install/services_quiz/lib/python3.10/site-packages/services_quiz
[2.005s] byte-compiling /home/user/ros2_ws/install/services_quiz/lib/python3.10/site-packages/services_quiz/client_service.py to client_service.cpython-310.pyc
[2.006s] byte-compiling /home/user/ros2_ws/install/services_quiz/lib/python3.10/site-packages/services_quiz/__init__.py to __init__.cpython-310.pyc
[2.006s] byte-compiling /home/user/ros2_ws/install/services_quiz/lib/python3.10/site-packages/services_quiz/server_service.py to server_service.cpython-310.pyc
[2.007s] running install_data
[2.008s] creating /home/user/ros2_ws/install/services_quiz/share/ament_index
[2.009s] creating /home/user/ros2_ws/install/services_quiz/share/ament_index/resource_index
[2.009s] creating /home/user/ros2_ws/install/services_quiz/share/ament_index/resource_index/packages
[2.009s] copying resource/services_quiz -> /home/user/ros2_ws/install/services_quiz/share/ament_index/resource_index/packages
[2.009s] copying package.xml -> /home/user/ros2_ws/install/services_quiz/share/services_quiz
[2.010s] copying launch/services_quiz_client.launch.py -> /home/user/ros2_ws/install/services_quiz/share/services_quiz
[2.010s] copying launch/services_quiz_server.launch.py -> /home/user/ros2_ws/install/services_quiz/share/services_quiz
[2.010s] running install_egg_info
[2.013s] Copying ../../build/services_quiz/services_quiz.egg-info to /home/user/ros2_ws/install/services_quiz/lib/python3.10/site-packages/services_quiz-0.0.0-py3.10.egg-info
[2.014s] running install_scripts
[2.051s] Installing turn_client script to /home/user/ros2_ws/install/services_quiz/lib/services_quiz
[2.051s] Installing turn_server script to /home/user/ros2_ws/install/services_quiz/lib/services_quiz
[2.052s] writing list of installed files to '/home/user/ros2_ws/build/services_quiz/install.log'
[2.101s] Invoked command in '/home/user/ros2_ws/src/services_quiz' returned '0': CMAKE_PREFIX_PATH=/home/user/ros2_ws/install/services_quiz_srv:/home/simulations/ros2_sims_ws/install/turtlebot3:/home/simulations/ros2_sims_ws/install/turtlebot3_simulations:/home/simulations/ros2_sims_ws/install/turtlebot3_navigation2:/home/simulations/ros2_sims_ws/install/turtlebot3_msgs:/home/simulations/ros2_sims_ws/install/turtlebot3_gazebo:/home/simulations/ros2_sims_ws/install/turtlebot3_bringup:/home/simulations/ros2_sims_ws/install/turtlebot3_description:/home/simulations/ros2_sims_ws/install/turtlebot3_cartographer:/home/simulations/ros2_sims_ws/install/turtlebot3_as:/home/simulations/ros2_sims_ws/install/t3_action_msg:/home/simulations/ros2_sims_ws/install/dynamixel_sdk LD_LIBRARY_PATH=/home/user/ros2_ws/install/services_quiz_srv/lib:/home/simulations/ros2_sims_ws/install/turtlebot3_msgs/lib:/home/simulations/ros2_sims_ws/install/t3_action_msg/lib:/home/simulations/ros2_sims_ws/install/dynamixel_sdk/lib:/opt/ros/humble/opt/rviz_ogre_vendor/lib:/opt/ros/humble/lib/x86_64-linux-gnu:/opt/ros/humble/lib:/usr/local/cuda-10.2/lib64:/home/user/.catkin_ws_python3/src/TensorRT-7.0.0.11/lib:/usr/lib/x86_64-linux-gnu/gazebo-11/plugins PYTHONPATH=/home/user/ros2_ws/build/services_quiz/prefix_override:/home/user/ros2_ws/install/services_quiz/lib/python3.10/site-packages:${PYTHONPATH} _=/usr/bin/env /usr/bin/python3 setup.py egg_info --egg-base ../../build/services_quiz build --build-base /home/user/ros2_ws/build/services_quiz/build install --record /home/user/ros2_ws/build/services_quiz/install.log --single-version-externally-managed
