[0.696s] DEBUG:colcon:Command line arguments: ['/usr/bin/colcon', 'build', '--packages-select', 'services_quiz', 'services_quiz_srv']
[0.697s] DEBUG:colcon:Parsed command line arguments: Namespace(log_base=None, log_level=None, verb_name='build', build_base='build', install_base='install', merge_install=False, symlink_install=False, test_result_base=None, continue_on_error=False, executor='parallel', parallel_workers=8, event_handlers=None, ignore_user_meta=False, metas=['./colcon.meta'], base_paths=['.'], packages_ignore=None, packages_ignore_regex=None, paths=None, packages_up_to=None, packages_up_to_regex=None, packages_above=None, packages_above_and_dependencies=None, packages_above_depth=None, packages_select_by_dep=None, packages_skip_by_dep=None, packages_skip_up_to=None, packages_select_build_failed=False, packages_skip_build_finished=False, packages_select_test_failures=False, packages_skip_test_passed=False, packages_select=['services_quiz', 'services_quiz_srv'], packages_skip=None, packages_select_regex=None, packages_skip_regex=None, packages_start=None, packages_end=None, allow_overriding=[], cmake_args=None, cmake_target=None, cmake_target_skip_unavailable=False, cmake_clean_cache=False, cmake_clean_first=False, cmake_force_configure=False, meson_args=[], ament_cmake_args=None, catkin_cmake_args=None, catkin_skip_building_tests=False, mixin_files=None, mixin=None, verb_parser=<colcon_alias.argument_parser.alias.AliasArgumentDecorator object at 0x7f7f0befcc10>, verb_extension=<colcon_core.verb.build.BuildVerb object at 0x7f7f0bea7df0>, main=<bound method BuildVerb.main of <colcon_core.verb.build.BuildVerb object at 0x7f7f0bea7df0>>, mixin_verb=('build',))
[0.738s] Level 1:colcon.colcon_core.package_discovery:discover_packages(colcon_meta) check parameters
[0.738s] Level 1:colcon.colcon_core.package_discovery:discover_packages(recursive) check parameters
[0.738s] Level 1:colcon.colcon_core.package_discovery:discover_packages(ignore) check parameters
[0.738s] Level 1:colcon.colcon_core.package_discovery:discover_packages(path) check parameters
[0.739s] Level 1:colcon.colcon_core.package_discovery:discover_packages(colcon_meta) discover
[0.739s] Level 1:colcon.colcon_core.package_discovery:discover_packages(recursive) discover
[0.739s] INFO:colcon.colcon_core.package_discovery:Crawling recursively for packages in '/home/user/ros2_ws'
[0.739s] Level 1:colcon.colcon_core.package_identification:_identify(.) by extensions ['ignore', 'ignore_ament_install']
[0.739s] Level 1:colcon.colcon_core.package_identification:_identify(.) by extension 'ignore'
[0.739s] Level 1:colcon.colcon_core.package_identification:_identify(.) by extension 'ignore_ament_install'
[0.739s] Level 1:colcon.colcon_core.package_identification:_identify(.) by extensions ['colcon_pkg']
[0.739s] Level 1:colcon.colcon_core.package_identification:_identify(.) by extension 'colcon_pkg'
[0.740s] Level 1:colcon.colcon_core.package_identification:_identify(.) by extensions ['colcon_meta']
[0.740s] Level 1:colcon.colcon_core.package_identification:_identify(.) by extension 'colcon_meta'
[0.740s] Level 1:colcon.colcon_core.package_identification:_identify(.) by extensions ['ros']
[0.740s] Level 1:colcon.colcon_core.package_identification:_identify(.) by extension 'ros'
[0.765s] Level 1:colcon.colcon_core.package_identification:_identify(.) by extensions ['cmake', 'meson', 'python']
[0.765s] Level 1:colcon.colcon_core.package_identification:_identify(.) by extension 'cmake'
[0.765s] Level 1:colcon.colcon_core.package_identification:_identify(.) by extension 'meson'
[0.765s] Level 1:colcon.colcon_core.package_identification:_identify(.) by extension 'python'
[0.766s] Level 1:colcon.colcon_core.package_identification:_identify(.) by extensions ['python_setup_py']
[0.766s] Level 1:colcon.colcon_core.package_identification:_identify(.) by extension 'python_setup_py'
[0.766s] Level 1:colcon.colcon_core.package_identification:_identify(build) by extensions ['ignore', 'ignore_ament_install']
[0.766s] Level 1:colcon.colcon_core.package_identification:_identify(build) by extension 'ignore'
[0.766s] Level 1:colcon.colcon_core.package_identification:_identify(build) ignored
[0.767s] Level 1:colcon.colcon_core.package_identification:_identify(install) by extensions ['ignore', 'ignore_ament_install']
[0.767s] Level 1:colcon.colcon_core.package_identification:_identify(install) by extension 'ignore'
[0.767s] Level 1:colcon.colcon_core.package_identification:_identify(install) ignored
[0.767s] Level 1:colcon.colcon_core.package_identification:_identify(log) by extensions ['ignore', 'ignore_ament_install']
[0.767s] Level 1:colcon.colcon_core.package_identification:_identify(log) by extension 'ignore'
[0.767s] Level 1:colcon.colcon_core.package_identification:_identify(log) ignored
[0.767s] Level 1:colcon.colcon_core.package_identification:_identify(src) by extensions ['ignore', 'ignore_ament_install']
[0.768s] Level 1:colcon.colcon_core.package_identification:_identify(src) by extension 'ignore'
[0.768s] Level 1:colcon.colcon_core.package_identification:_identify(src) by extension 'ignore_ament_install'
[0.768s] Level 1:colcon.colcon_core.package_identification:_identify(src) by extensions ['colcon_pkg']
[0.768s] Level 1:colcon.colcon_core.package_identification:_identify(src) by extension 'colcon_pkg'
[0.768s] Level 1:colcon.colcon_core.package_identification:_identify(src) by extensions ['colcon_meta']
[0.768s] Level 1:colcon.colcon_core.package_identification:_identify(src) by extension 'colcon_meta'
[0.768s] Level 1:colcon.colcon_core.package_identification:_identify(src) by extensions ['ros']
[0.768s] Level 1:colcon.colcon_core.package_identification:_identify(src) by extension 'ros'
[0.769s] Level 1:colcon.colcon_core.package_identification:_identify(src) by extensions ['cmake', 'meson', 'python']
[0.769s] Level 1:colcon.colcon_core.package_identification:_identify(src) by extension 'cmake'
[0.769s] Level 1:colcon.colcon_core.package_identification:_identify(src) by extension 'meson'
[0.769s] Level 1:colcon.colcon_core.package_identification:_identify(src) by extension 'python'
[0.769s] Level 1:colcon.colcon_core.package_identification:_identify(src) by extensions ['python_setup_py']
[0.769s] Level 1:colcon.colcon_core.package_identification:_identify(src) by extension 'python_setup_py'
[0.769s] Level 1:colcon.colcon_core.package_identification:_identify(src/client_pkg) by extensions ['ignore', 'ignore_ament_install']
[0.769s] Level 1:colcon.colcon_core.package_identification:_identify(src/client_pkg) by extension 'ignore'
[0.770s] Level 1:colcon.colcon_core.package_identification:_identify(src/client_pkg) by extension 'ignore_ament_install'
[0.770s] Level 1:colcon.colcon_core.package_identification:_identify(src/client_pkg) by extensions ['colcon_pkg']
[0.770s] Level 1:colcon.colcon_core.package_identification:_identify(src/client_pkg) by extension 'colcon_pkg'
[0.770s] Level 1:colcon.colcon_core.package_identification:_identify(src/client_pkg) by extensions ['colcon_meta']
[0.770s] Level 1:colcon.colcon_core.package_identification:_identify(src/client_pkg) by extension 'colcon_meta'
[0.770s] Level 1:colcon.colcon_core.package_identification:_identify(src/client_pkg) by extensions ['ros']
[0.770s] Level 1:colcon.colcon_core.package_identification:_identify(src/client_pkg) by extension 'ros'
[0.775s] DEBUG:colcon.colcon_core.package_identification:Package 'src/client_pkg' with type 'ros.ament_python' and name 'client_pkg'
[0.775s] Level 1:colcon.colcon_core.package_identification:_identify(src/custom_interfaces) by extensions ['ignore', 'ignore_ament_install']
[0.776s] Level 1:colcon.colcon_core.package_identification:_identify(src/custom_interfaces) by extension 'ignore'
[0.776s] Level 1:colcon.colcon_core.package_identification:_identify(src/custom_interfaces) by extension 'ignore_ament_install'
[0.776s] Level 1:colcon.colcon_core.package_identification:_identify(src/custom_interfaces) by extensions ['colcon_pkg']
[0.776s] Level 1:colcon.colcon_core.package_identification:_identify(src/custom_interfaces) by extension 'colcon_pkg'
[0.776s] Level 1:colcon.colcon_core.package_identification:_identify(src/custom_interfaces) by extensions ['colcon_meta']
[0.776s] Level 1:colcon.colcon_core.package_identification:_identify(src/custom_interfaces) by extension 'colcon_meta'
[0.776s] Level 1:colcon.colcon_core.package_identification:_identify(src/custom_interfaces) by extensions ['ros']
[0.777s] Level 1:colcon.colcon_core.package_identification:_identify(src/custom_interfaces) by extension 'ros'
[0.778s] DEBUG:colcon.colcon_core.package_identification:Package 'src/custom_interfaces' with type 'ros.ament_cmake' and name 'custom_interfaces'
[0.778s] Level 1:colcon.colcon_core.package_identification:_identify(src/exercise31_pkg) by extensions ['ignore', 'ignore_ament_install']
[0.778s] Level 1:colcon.colcon_core.package_identification:_identify(src/exercise31_pkg) by extension 'ignore'
[0.778s] Level 1:colcon.colcon_core.package_identification:_identify(src/exercise31_pkg) by extension 'ignore_ament_install'
[0.779s] Level 1:colcon.colcon_core.package_identification:_identify(src/exercise31_pkg) by extensions ['colcon_pkg']
[0.779s] Level 1:colcon.colcon_core.package_identification:_identify(src/exercise31_pkg) by extension 'colcon_pkg'
[0.779s] Level 1:colcon.colcon_core.package_identification:_identify(src/exercise31_pkg) by extensions ['colcon_meta']
[0.779s] Level 1:colcon.colcon_core.package_identification:_identify(src/exercise31_pkg) by extension 'colcon_meta'
[0.779s] Level 1:colcon.colcon_core.package_identification:_identify(src/exercise31_pkg) by extensions ['ros']
[0.779s] Level 1:colcon.colcon_core.package_identification:_identify(src/exercise31_pkg) by extension 'ros'
[0.781s] DEBUG:colcon.colcon_core.package_identification:Package 'src/exercise31_pkg' with type 'ros.ament_python' and name 'exercise31_pkg'
[0.781s] Level 1:colcon.colcon_core.package_identification:_identify(src/exercise42_pkg) by extensions ['ignore', 'ignore_ament_install']
[0.781s] Level 1:colcon.colcon_core.package_identification:_identify(src/exercise42_pkg) by extension 'ignore'
[0.781s] Level 1:colcon.colcon_core.package_identification:_identify(src/exercise42_pkg) by extension 'ignore_ament_install'
[0.781s] Level 1:colcon.colcon_core.package_identification:_identify(src/exercise42_pkg) by extensions ['colcon_pkg']
[0.781s] Level 1:colcon.colcon_core.package_identification:_identify(src/exercise42_pkg) by extension 'colcon_pkg'
[0.781s] Level 1:colcon.colcon_core.package_identification:_identify(src/exercise42_pkg) by extensions ['colcon_meta']
[0.781s] Level 1:colcon.colcon_core.package_identification:_identify(src/exercise42_pkg) by extension 'colcon_meta'
[0.781s] Level 1:colcon.colcon_core.package_identification:_identify(src/exercise42_pkg) by extensions ['ros']
[0.782s] Level 1:colcon.colcon_core.package_identification:_identify(src/exercise42_pkg) by extension 'ros'
[0.783s] DEBUG:colcon.colcon_core.package_identification:Package 'src/exercise42_pkg' with type 'ros.ament_python' and name 'exercise42_pkg'
[0.783s] Level 1:colcon.colcon_core.package_identification:_identify(src/my_package) by extensions ['ignore', 'ignore_ament_install']
[0.784s] Level 1:colcon.colcon_core.package_identification:_identify(src/my_package) by extension 'ignore'
[0.784s] Level 1:colcon.colcon_core.package_identification:_identify(src/my_package) by extension 'ignore_ament_install'
[0.784s] Level 1:colcon.colcon_core.package_identification:_identify(src/my_package) by extensions ['colcon_pkg']
[0.784s] Level 1:colcon.colcon_core.package_identification:_identify(src/my_package) by extension 'colcon_pkg'
[0.784s] Level 1:colcon.colcon_core.package_identification:_identify(src/my_package) by extensions ['colcon_meta']
[0.784s] Level 1:colcon.colcon_core.package_identification:_identify(src/my_package) by extension 'colcon_meta'
[0.784s] Level 1:colcon.colcon_core.package_identification:_identify(src/my_package) by extensions ['ros']
[0.784s] Level 1:colcon.colcon_core.package_identification:_identify(src/my_package) by extension 'ros'
[0.785s] DEBUG:colcon.colcon_core.package_identification:Package 'src/my_package' with type 'ros.ament_python' and name 'my_package'
[0.786s] Level 1:colcon.colcon_core.package_identification:_identify(src/publisher_pkg) by extensions ['ignore', 'ignore_ament_install']
[0.786s] Level 1:colcon.colcon_core.package_identification:_identify(src/publisher_pkg) by extension 'ignore'
[0.786s] Level 1:colcon.colcon_core.package_identification:_identify(src/publisher_pkg) by extension 'ignore_ament_install'
[0.786s] Level 1:colcon.colcon_core.package_identification:_identify(src/publisher_pkg) by extensions ['colcon_pkg']
[0.786s] Level 1:colcon.colcon_core.package_identification:_identify(src/publisher_pkg) by extension 'colcon_pkg'
[0.786s] Level 1:colcon.colcon_core.package_identification:_identify(src/publisher_pkg) by extensions ['colcon_meta']
[0.786s] Level 1:colcon.colcon_core.package_identification:_identify(src/publisher_pkg) by extension 'colcon_meta'
[0.786s] Level 1:colcon.colcon_core.package_identification:_identify(src/publisher_pkg) by extensions ['ros']
[0.786s] Level 1:colcon.colcon_core.package_identification:_identify(src/publisher_pkg) by extension 'ros'
[0.788s] DEBUG:colcon.colcon_core.package_identification:Package 'src/publisher_pkg' with type 'ros.ament_python' and name 'publisher_pkg'
[0.788s] Level 1:colcon.colcon_core.package_identification:_identify(src/services_quiz) by extensions ['ignore', 'ignore_ament_install']
[0.788s] Level 1:colcon.colcon_core.package_identification:_identify(src/services_quiz) by extension 'ignore'
[0.788s] Level 1:colcon.colcon_core.package_identification:_identify(src/services_quiz) by extension 'ignore_ament_install'
[0.789s] Level 1:colcon.colcon_core.package_identification:_identify(src/services_quiz) by extensions ['colcon_pkg']
[0.789s] Level 1:colcon.colcon_core.package_identification:_identify(src/services_quiz) by extension 'colcon_pkg'
[0.789s] Level 1:colcon.colcon_core.package_identification:_identify(src/services_quiz) by extensions ['colcon_meta']
[0.789s] Level 1:colcon.colcon_core.package_identification:_identify(src/services_quiz) by extension 'colcon_meta'
[0.789s] Level 1:colcon.colcon_core.package_identification:_identify(src/services_quiz) by extensions ['ros']
[0.789s] Level 1:colcon.colcon_core.package_identification:_identify(src/services_quiz) by extension 'ros'
[0.791s] DEBUG:colcon.colcon_core.package_identification:Package 'src/services_quiz' with type 'ros.ament_python' and name 'services_quiz'
[0.791s] Level 1:colcon.colcon_core.package_identification:_identify(src/services_quiz_srv) by extensions ['ignore', 'ignore_ament_install']
[0.791s] Level 1:colcon.colcon_core.package_identification:_identify(src/services_quiz_srv) by extension 'ignore'
[0.791s] Level 1:colcon.colcon_core.package_identification:_identify(src/services_quiz_srv) by extension 'ignore_ament_install'
[0.791s] Level 1:colcon.colcon_core.package_identification:_identify(src/services_quiz_srv) by extensions ['colcon_pkg']
[0.791s] Level 1:colcon.colcon_core.package_identification:_identify(src/services_quiz_srv) by extension 'colcon_pkg'
[0.791s] Level 1:colcon.colcon_core.package_identification:_identify(src/services_quiz_srv) by extensions ['colcon_meta']
[0.791s] Level 1:colcon.colcon_core.package_identification:_identify(src/services_quiz_srv) by extension 'colcon_meta'
[0.792s] Level 1:colcon.colcon_core.package_identification:_identify(src/services_quiz_srv) by extensions ['ros']
[0.792s] Level 1:colcon.colcon_core.package_identification:_identify(src/services_quiz_srv) by extension 'ros'
[0.793s] DEBUG:colcon.colcon_core.package_identification:Package 'src/services_quiz_srv' with type 'ros.ament_cmake' and name 'services_quiz_srv'
[0.793s] Level 1:colcon.colcon_core.package_identification:_identify(src/subscriber_pkg) by extensions ['ignore', 'ignore_ament_install']
[0.793s] Level 1:colcon.colcon_core.package_identification:_identify(src/subscriber_pkg) by extension 'ignore'
[0.793s] Level 1:colcon.colcon_core.package_identification:_identify(src/subscriber_pkg) by extension 'ignore_ament_install'
[0.793s] Level 1:colcon.colcon_core.package_identification:_identify(src/subscriber_pkg) by extensions ['colcon_pkg']
[0.793s] Level 1:colcon.colcon_core.package_identification:_identify(src/subscriber_pkg) by extension 'colcon_pkg'
[0.794s] Level 1:colcon.colcon_core.package_identification:_identify(src/subscriber_pkg) by extensions ['colcon_meta']
[0.794s] Level 1:colcon.colcon_core.package_identification:_identify(src/subscriber_pkg) by extension 'colcon_meta'
[0.794s] Level 1:colcon.colcon_core.package_identification:_identify(src/subscriber_pkg) by extensions ['ros']
[0.794s] Level 1:colcon.colcon_core.package_identification:_identify(src/subscriber_pkg) by extension 'ros'
[0.795s] DEBUG:colcon.colcon_core.package_identification:Package 'src/subscriber_pkg' with type 'ros.ament_python' and name 'subscriber_pkg'
[0.795s] Level 1:colcon.colcon_core.package_identification:_identify(src/topics_quiz) by extensions ['ignore', 'ignore_ament_install']
[0.796s] Level 1:colcon.colcon_core.package_identification:_identify(src/topics_quiz) by extension 'ignore'
[0.796s] Level 1:colcon.colcon_core.package_identification:_identify(src/topics_quiz) by extension 'ignore_ament_install'
[0.796s] Level 1:colcon.colcon_core.package_identification:_identify(src/topics_quiz) by extensions ['colcon_pkg']
[0.796s] Level 1:colcon.colcon_core.package_identification:_identify(src/topics_quiz) by extension 'colcon_pkg'
[0.796s] Level 1:colcon.colcon_core.package_identification:_identify(src/topics_quiz) by extensions ['colcon_meta']
[0.796s] Level 1:colcon.colcon_core.package_identification:_identify(src/topics_quiz) by extension 'colcon_meta'
[0.796s] Level 1:colcon.colcon_core.package_identification:_identify(src/topics_quiz) by extensions ['ros']
[0.796s] Level 1:colcon.colcon_core.package_identification:_identify(src/topics_quiz) by extension 'ros'
[0.799s] DEBUG:colcon.colcon_core.package_identification:Package 'src/topics_quiz' with type 'ros.ament_python' and name 'topics_quiz'
[0.799s] Level 1:colcon.colcon_core.package_discovery:discover_packages(recursive) using defaults
[0.800s] Level 1:colcon.colcon_core.package_discovery:discover_packages(ignore) discover
[0.800s] Level 1:colcon.colcon_core.package_discovery:discover_packages(ignore) using defaults
[0.800s] Level 1:colcon.colcon_core.package_discovery:discover_packages(path) discover
[0.800s] Level 1:colcon.colcon_core.package_discovery:discover_packages(path) using defaults
[0.843s] INFO:colcon.colcon_core.package_selection:Skipping not selected package 'client_pkg' in 'src/client_pkg'
[0.843s] INFO:colcon.colcon_core.package_selection:Skipping not selected package 'custom_interfaces' in 'src/custom_interfaces'
[0.843s] INFO:colcon.colcon_core.package_selection:Skipping not selected package 'exercise31_pkg' in 'src/exercise31_pkg'
[0.843s] INFO:colcon.colcon_core.package_selection:Skipping not selected package 'exercise42_pkg' in 'src/exercise42_pkg'
[0.843s] INFO:colcon.colcon_core.package_selection:Skipping not selected package 'my_package' in 'src/my_package'
[0.843s] INFO:colcon.colcon_core.package_selection:Skipping not selected package 'publisher_pkg' in 'src/publisher_pkg'
[0.844s] INFO:colcon.colcon_core.package_selection:Skipping not selected package 'subscriber_pkg' in 'src/subscriber_pkg'
[0.844s] INFO:colcon.colcon_core.package_selection:Skipping not selected package 'topics_quiz' in 'src/topics_quiz'
[0.845s] Level 1:colcon.colcon_core.package_discovery:discover_packages(prefix_path) check parameters
[0.845s] Level 1:colcon.colcon_core.package_discovery:discover_packages(prefix_path) discover
[0.847s] WARNING:colcon.colcon_ros.prefix_path.ament:The path '/home/user/quiz_ws/Quizes/ros2_ws/install/ros2_quizzes' in the environment variable AMENT_PREFIX_PATH doesn't exist
[0.849s] WARNING:colcon.colcon_ros.prefix_path.ament:The path '/home/user/ros2_ws/install/topics_quiz' in the environment variable AMENT_PREFIX_PATH doesn't exist
[0.849s] WARNING:colcon.colcon_ros.prefix_path.ament:The path '/home/user/ros2_ws/install/services_quiz' in the environment variable AMENT_PREFIX_PATH doesn't exist
[0.849s] WARNING:colcon.colcon_ros.prefix_path.ament:The path '/home/user/ros2_ws/install/services_quiz_srv' in the environment variable AMENT_PREFIX_PATH doesn't exist
[0.849s] WARNING:colcon.colcon_ros.prefix_path.ament:The path '/home/user/ros2_ws/install/client_pkg' in the environment variable AMENT_PREFIX_PATH doesn't exist
[0.850s] WARNING:colcon.colcon_ros.prefix_path.catkin:The path '/home/user/ros2_ws/install/services_quiz_srv' in the environment variable CMAKE_PREFIX_PATH doesn't exist
[0.852s] DEBUG:colcon.colcon_installed_package_information.package_discovery:Found 0 installed packages in /home/user/ros2_ws/install
[0.855s] DEBUG:colcon.colcon_installed_package_information.package_discovery:Found 14 installed packages in /home/simulations/ros2_sims_ws/install
[0.860s] DEBUG:colcon.colcon_installed_package_information.package_discovery:Found 417 installed packages in /opt/ros/humble
[0.864s] Level 1:colcon.colcon_core.package_discovery:discover_packages(prefix_path) using defaults
[1.081s] Level 5:colcon.colcon_core.verb:set package 'services_quiz_srv' build argument 'cmake_args' from command line to 'None'
[1.081s] Level 5:colcon.colcon_core.verb:set package 'services_quiz_srv' build argument 'cmake_target' from command line to 'None'
[1.081s] Level 5:colcon.colcon_core.verb:set package 'services_quiz_srv' build argument 'cmake_target_skip_unavailable' from command line to 'False'
[1.082s] Level 5:colcon.colcon_core.verb:set package 'services_quiz_srv' build argument 'cmake_clean_cache' from command line to 'False'
[1.082s] Level 5:colcon.colcon_core.verb:set package 'services_quiz_srv' build argument 'cmake_clean_first' from command line to 'False'
[1.082s] Level 5:colcon.colcon_core.verb:set package 'services_quiz_srv' build argument 'cmake_force_configure' from command line to 'False'
[1.082s] Level 5:colcon.colcon_core.verb:set package 'services_quiz_srv' build argument 'meson_args' from command line to '[]'
[1.082s] Level 5:colcon.colcon_core.verb:set package 'services_quiz_srv' build argument 'ament_cmake_args' from command line to 'None'
[1.082s] Level 5:colcon.colcon_core.verb:set package 'services_quiz_srv' build argument 'catkin_cmake_args' from command line to 'None'
[1.082s] Level 5:colcon.colcon_core.verb:set package 'services_quiz_srv' build argument 'catkin_skip_building_tests' from command line to 'False'
[1.082s] DEBUG:colcon.colcon_core.verb:Building package 'services_quiz_srv' with the following arguments: {'ament_cmake_args': None, 'build_base': '/home/user/ros2_ws/build/services_quiz_srv', 'catkin_cmake_args': None, 'catkin_skip_building_tests': False, 'cmake_args': None, 'cmake_clean_cache': False, 'cmake_clean_first': False, 'cmake_force_configure': False, 'cmake_target': None, 'cmake_target_skip_unavailable': False, 'install_base': '/home/user/ros2_ws/install/services_quiz_srv', 'merge_install': False, 'meson_args': [], 'path': '/home/user/ros2_ws/src/services_quiz_srv', 'symlink_install': False, 'test_result_base': None}
[1.102s] Level 5:colcon.colcon_core.verb:set package 'services_quiz' build argument 'cmake_args' from command line to 'None'
[1.102s] Level 5:colcon.colcon_core.verb:set package 'services_quiz' build argument 'cmake_target' from command line to 'None'
[1.102s] Level 5:colcon.colcon_core.verb:set package 'services_quiz' build argument 'cmake_target_skip_unavailable' from command line to 'False'
[1.102s] Level 5:colcon.colcon_core.verb:set package 'services_quiz' build argument 'cmake_clean_cache' from command line to 'False'
[1.102s] Level 5:colcon.colcon_core.verb:set package 'services_quiz' build argument 'cmake_clean_first' from command line to 'False'
[1.102s] Level 5:colcon.colcon_core.verb:set package 'services_quiz' build argument 'cmake_force_configure' from command line to 'False'
[1.102s] Level 5:colcon.colcon_core.verb:set package 'services_quiz' build argument 'meson_args' from command line to '[]'
[1.103s] Level 5:colcon.colcon_core.verb:set package 'services_quiz' build argument 'ament_cmake_args' from command line to 'None'
[1.103s] Level 5:colcon.colcon_core.verb:set package 'services_quiz' build argument 'catkin_cmake_args' from command line to 'None'
[1.103s] Level 5:colcon.colcon_core.verb:set package 'services_quiz' build argument 'catkin_skip_building_tests' from command line to 'False'
[1.103s] DEBUG:colcon.colcon_core.verb:Building package 'services_quiz' with the following arguments: {'ament_cmake_args': None, 'build_base': '/home/user/ros2_ws/build/services_quiz', 'catkin_cmake_args': None, 'catkin_skip_building_tests': False, 'cmake_args': None, 'cmake_clean_cache': False, 'cmake_clean_first': False, 'cmake_force_configure': False, 'cmake_target': None, 'cmake_target_skip_unavailable': False, 'install_base': '/home/user/ros2_ws/install/services_quiz', 'merge_install': False, 'meson_args': [], 'path': '/home/user/ros2_ws/src/services_quiz', 'symlink_install': False, 'test_result_base': None}
[1.105s] INFO:colcon.colcon_core.executor:Executing jobs using 'parallel' executor
[1.112s] DEBUG:colcon.colcon_parallel_executor.executor.parallel:run_until_complete
[1.113s] INFO:colcon.colcon_ros.task.ament_cmake.build:Building ROS package in '/home/user/ros2_ws/src/services_quiz_srv' with build type 'ament_cmake'
[1.113s] INFO:colcon.colcon_cmake.task.cmake.build:Building CMake package in '/home/user/ros2_ws/src/services_quiz_srv'
[1.124s] INFO:colcon.colcon_core.plugin_system:Skipping extension 'colcon_core.shell.bat': Not used on non-Windows systems
[1.124s] INFO:colcon.colcon_core.shell:Skip shell extension 'powershell' for command environment: Not usable outside of PowerShell
[1.124s] DEBUG:colcon.colcon_core.shell:Skip shell extension 'dsv' for command environment
[1.154s] DEBUG:colcon.colcon_core.event_handler.log_command:Invoking command in '/home/user/ros2_ws/build/services_quiz_srv': CMAKE_PREFIX_PATH=${CMAKE_PREFIX_PATH}:/home/user/quiz_ws/Quizes/ros2_ws/install/ros2_quizzes:/home/simulations/ros2_sims_ws/install/turtlebot3_teleop:/home/simulations/ros2_sims_ws/install/turtlebot3_example:/home/simulations/ros2_sims_ws/install/services_pkg:/home/user/ros2_ws/install/topics_quiz:/home/user/ros2_ws/install/services_quiz:/home/user/ros2_ws/install/client_pkg:/opt/ros/humble _=/usr/bin/env /usr/bin/cmake /home/user/ros2_ws/src/services_quiz_srv -DCMAKE_INSTALL_PREFIX=/home/user/ros2_ws/install/services_quiz_srv
[5.259s] DEBUG:colcon.colcon_core.event_handler.log_command:Invoked command in '/home/user/ros2_ws/build/services_quiz_srv' returned '0': CMAKE_PREFIX_PATH=${CMAKE_PREFIX_PATH}:/home/user/quiz_ws/Quizes/ros2_ws/install/ros2_quizzes:/home/simulations/ros2_sims_ws/install/turtlebot3_teleop:/home/simulations/ros2_sims_ws/install/turtlebot3_example:/home/simulations/ros2_sims_ws/install/services_pkg:/home/user/ros2_ws/install/topics_quiz:/home/user/ros2_ws/install/services_quiz:/home/user/ros2_ws/install/client_pkg:/opt/ros/humble _=/usr/bin/env /usr/bin/cmake /home/user/ros2_ws/src/services_quiz_srv -DCMAKE_INSTALL_PREFIX=/home/user/ros2_ws/install/services_quiz_srv
[5.262s] DEBUG:colcon.colcon_core.event_handler.log_command:Invoking command in '/home/user/ros2_ws/build/services_quiz_srv': CMAKE_PREFIX_PATH=${CMAKE_PREFIX_PATH}:/home/user/quiz_ws/Quizes/ros2_ws/install/ros2_quizzes:/home/simulations/ros2_sims_ws/install/turtlebot3_teleop:/home/simulations/ros2_sims_ws/install/turtlebot3_example:/home/simulations/ros2_sims_ws/install/services_pkg:/home/user/ros2_ws/install/topics_quiz:/home/user/ros2_ws/install/services_quiz:/home/user/ros2_ws/install/client_pkg:/opt/ros/humble _=/usr/bin/env /usr/bin/cmake --build /home/user/ros2_ws/build/services_quiz_srv -- -j8 -l8
[16.352s] DEBUG:colcon.colcon_core.event_handler.log_command:Invoked command in '/home/user/ros2_ws/build/services_quiz_srv' returned '0': CMAKE_PREFIX_PATH=${CMAKE_PREFIX_PATH}:/home/user/quiz_ws/Quizes/ros2_ws/install/ros2_quizzes:/home/simulations/ros2_sims_ws/install/turtlebot3_teleop:/home/simulations/ros2_sims_ws/install/turtlebot3_example:/home/simulations/ros2_sims_ws/install/services_pkg:/home/user/ros2_ws/install/topics_quiz:/home/user/ros2_ws/install/services_quiz:/home/user/ros2_ws/install/client_pkg:/opt/ros/humble _=/usr/bin/env /usr/bin/cmake --build /home/user/ros2_ws/build/services_quiz_srv -- -j8 -l8
[16.544s] DEBUG:colcon.colcon_core.event_handler.log_command:Invoking command in '/home/user/ros2_ws/build/services_quiz_srv': CMAKE_PREFIX_PATH=${CMAKE_PREFIX_PATH}:/home/user/quiz_ws/Quizes/ros2_ws/install/ros2_quizzes:/home/simulations/ros2_sims_ws/install/turtlebot3_teleop:/home/simulations/ros2_sims_ws/install/turtlebot3_example:/home/simulations/ros2_sims_ws/install/services_pkg:/home/user/ros2_ws/install/topics_quiz:/home/user/ros2_ws/install/services_quiz:/home/user/ros2_ws/install/client_pkg:/opt/ros/humble _=/usr/bin/env /usr/bin/cmake --install /home/user/ros2_ws/build/services_quiz_srv
[16.691s] Level 1:colcon.colcon_core.environment:create_environment_scripts_only(services_quiz_srv)
[16.692s] DEBUG:colcon.colcon_core.event_handler.log_command:Invoked command in '/home/user/ros2_ws/build/services_quiz_srv' returned '0': CMAKE_PREFIX_PATH=${CMAKE_PREFIX_PATH}:/home/user/quiz_ws/Quizes/ros2_ws/install/ros2_quizzes:/home/simulations/ros2_sims_ws/install/turtlebot3_teleop:/home/simulations/ros2_sims_ws/install/turtlebot3_example:/home/simulations/ros2_sims_ws/install/services_pkg:/home/user/ros2_ws/install/topics_quiz:/home/user/ros2_ws/install/services_quiz:/home/user/ros2_ws/install/client_pkg:/opt/ros/humble _=/usr/bin/env /usr/bin/cmake --install /home/user/ros2_ws/build/services_quiz_srv
[16.701s] Level 1:colcon.colcon_core.environment:checking '/home/user/ros2_ws/install/services_quiz_srv' for CMake module files
[16.702s] Level 1:colcon.colcon_core.environment:checking '/home/user/ros2_ws/install/services_quiz_srv' for CMake config files
[16.703s] Level 1:colcon.colcon_core.shell:create_environment_hook('services_quiz_srv', 'cmake_prefix_path')
[16.710s] INFO:colcon.colcon_core.shell:Creating environment hook '/home/user/ros2_ws/install/services_quiz_srv/share/services_quiz_srv/hook/cmake_prefix_path.ps1'
[16.711s] INFO:colcon.colcon_core.shell:Creating environment descriptor '/home/user/ros2_ws/install/services_quiz_srv/share/services_quiz_srv/hook/cmake_prefix_path.dsv'
[16.712s] INFO:colcon.colcon_core.shell:Creating environment hook '/home/user/ros2_ws/install/services_quiz_srv/share/services_quiz_srv/hook/cmake_prefix_path.sh'
[16.714s] Level 1:colcon.colcon_core.environment:checking '/home/user/ros2_ws/install/services_quiz_srv/lib'
[16.715s] Level 1:colcon.colcon_core.shell:create_environment_hook('services_quiz_srv', 'ld_library_path_lib')
[16.718s] INFO:colcon.colcon_core.shell:Creating environment hook '/home/user/ros2_ws/install/services_quiz_srv/share/services_quiz_srv/hook/ld_library_path_lib.ps1'
[16.719s] INFO:colcon.colcon_core.shell:Creating environment descriptor '/home/user/ros2_ws/install/services_quiz_srv/share/services_quiz_srv/hook/ld_library_path_lib.dsv'
[16.720s] INFO:colcon.colcon_core.shell:Creating environment hook '/home/user/ros2_ws/install/services_quiz_srv/share/services_quiz_srv/hook/ld_library_path_lib.sh'
[16.721s] Level 1:colcon.colcon_core.environment:checking '/home/user/ros2_ws/install/services_quiz_srv/bin'
[16.721s] Level 1:colcon.colcon_core.environment:checking '/home/user/ros2_ws/install/services_quiz_srv/lib/pkgconfig/services_quiz_srv.pc'
[16.722s] Level 1:colcon.colcon_core.environment:checking '/home/user/ros2_ws/install/services_quiz_srv/lib/python3.10/site-packages'
[16.722s] Level 1:colcon.colcon_core.environment:checking '/home/user/ros2_ws/install/services_quiz_srv/bin'
[16.725s] INFO:colcon.colcon_core.shell:Creating package script '/home/user/ros2_ws/install/services_quiz_srv/share/services_quiz_srv/package.ps1'
[16.727s] INFO:colcon.colcon_core.shell:Creating package descriptor '/home/user/ros2_ws/install/services_quiz_srv/share/services_quiz_srv/package.dsv'
[16.728s] INFO:colcon.colcon_core.shell:Creating package script '/home/user/ros2_ws/install/services_quiz_srv/share/services_quiz_srv/package.sh'
[16.729s] INFO:colcon.colcon_core.shell:Creating package script '/home/user/ros2_ws/install/services_quiz_srv/share/services_quiz_srv/package.bash'
[16.731s] INFO:colcon.colcon_core.shell:Creating package script '/home/user/ros2_ws/install/services_quiz_srv/share/services_quiz_srv/package.zsh'
[16.732s] Level 1:colcon.colcon_core.environment:create_file_with_runtime_dependencies(/home/user/ros2_ws/install/services_quiz_srv/share/colcon-core/packages/services_quiz_srv)
[16.925s] Level 1:colcon.colcon_core.environment:create_environment_scripts_only(services_quiz_srv)
[16.930s] Level 1:colcon.colcon_core.environment:checking '/home/user/ros2_ws/install/services_quiz_srv' for CMake module files
[16.931s] Level 1:colcon.colcon_core.environment:checking '/home/user/ros2_ws/install/services_quiz_srv' for CMake config files
[16.933s] Level 1:colcon.colcon_core.shell:create_environment_hook('services_quiz_srv', 'cmake_prefix_path')
[16.935s] INFO:colcon.colcon_core.shell:Creating environment hook '/home/user/ros2_ws/install/services_quiz_srv/share/services_quiz_srv/hook/cmake_prefix_path.ps1'
[16.936s] INFO:colcon.colcon_core.shell:Creating environment descriptor '/home/user/ros2_ws/install/services_quiz_srv/share/services_quiz_srv/hook/cmake_prefix_path.dsv'
[16.937s] INFO:colcon.colcon_core.shell:Creating environment hook '/home/user/ros2_ws/install/services_quiz_srv/share/services_quiz_srv/hook/cmake_prefix_path.sh'
[16.938s] Level 1:colcon.colcon_core.environment:checking '/home/user/ros2_ws/install/services_quiz_srv/lib'
[16.938s] Level 1:colcon.colcon_core.shell:create_environment_hook('services_quiz_srv', 'ld_library_path_lib')
[16.941s] INFO:colcon.colcon_core.shell:Creating environment hook '/home/user/ros2_ws/install/services_quiz_srv/share/services_quiz_srv/hook/ld_library_path_lib.ps1'
[16.941s] INFO:colcon.colcon_core.shell:Creating environment descriptor '/home/user/ros2_ws/install/services_quiz_srv/share/services_quiz_srv/hook/ld_library_path_lib.dsv'
[16.942s] INFO:colcon.colcon_core.shell:Creating environment hook '/home/user/ros2_ws/install/services_quiz_srv/share/services_quiz_srv/hook/ld_library_path_lib.sh'
[16.942s] Level 1:colcon.colcon_core.environment:checking '/home/user/ros2_ws/install/services_quiz_srv/bin'
[16.942s] Level 1:colcon.colcon_core.environment:checking '/home/user/ros2_ws/install/services_quiz_srv/lib/pkgconfig/services_quiz_srv.pc'
[16.943s] Level 1:colcon.colcon_core.environment:checking '/home/user/ros2_ws/install/services_quiz_srv/lib/python3.10/site-packages'
[16.943s] Level 1:colcon.colcon_core.environment:checking '/home/user/ros2_ws/install/services_quiz_srv/bin'
[16.946s] INFO:colcon.colcon_core.shell:Creating package script '/home/user/ros2_ws/install/services_quiz_srv/share/services_quiz_srv/package.ps1'
[16.947s] INFO:colcon.colcon_core.shell:Creating package descriptor '/home/user/ros2_ws/install/services_quiz_srv/share/services_quiz_srv/package.dsv'
[16.948s] INFO:colcon.colcon_core.shell:Creating package script '/home/user/ros2_ws/install/services_quiz_srv/share/services_quiz_srv/package.sh'
[16.949s] INFO:colcon.colcon_core.shell:Creating package script '/home/user/ros2_ws/install/services_quiz_srv/share/services_quiz_srv/package.bash'
[16.950s] INFO:colcon.colcon_core.shell:Creating package script '/home/user/ros2_ws/install/services_quiz_srv/share/services_quiz_srv/package.zsh'
[16.951s] Level 1:colcon.colcon_core.environment:create_file_with_runtime_dependencies(/home/user/ros2_ws/install/services_quiz_srv/share/colcon-core/packages/services_quiz_srv)
[16.951s] INFO:colcon.colcon_ros.task.ament_python.build:Building ROS package in '/home/user/ros2_ws/src/services_quiz' with build type 'ament_python'
[16.952s] Level 1:colcon.colcon_core.shell:create_environment_hook('services_quiz', 'ament_prefix_path')
[16.955s] INFO:colcon.colcon_core.shell:Creating environment hook '/home/user/ros2_ws/install/services_quiz/share/services_quiz/hook/ament_prefix_path.ps1'
[16.957s] INFO:colcon.colcon_core.shell:Creating environment descriptor '/home/user/ros2_ws/install/services_quiz/share/services_quiz/hook/ament_prefix_path.dsv'
[16.958s] INFO:colcon.colcon_core.shell:Creating environment hook '/home/user/ros2_ws/install/services_quiz/share/services_quiz/hook/ament_prefix_path.sh'
[16.961s] INFO:colcon.colcon_core.shell:Skip shell extension 'powershell' for command environment: Not usable outside of PowerShell
[16.961s] DEBUG:colcon.colcon_core.shell:Skip shell extension 'dsv' for command environment
[17.587s] INFO:colcon.colcon_core.task.python.build:Building Python package in '/home/user/ros2_ws/src/services_quiz'
[17.591s] INFO:colcon.colcon_core.shell:Skip shell extension 'powershell' for command environment: Not usable outside of PowerShell
[17.591s] DEBUG:colcon.colcon_core.shell:Skip shell extension 'dsv' for command environment
[18.383s] DEBUG:colcon.colcon_core.event_handler.log_command:Invoking command in '/home/user/ros2_ws/src/services_quiz': CMAKE_PREFIX_PATH=/home/user/ros2_ws/install/services_quiz_srv:/home/simulations/ros2_sims_ws/install/turtlebot3:/home/simulations/ros2_sims_ws/install/turtlebot3_simulations:/home/simulations/ros2_sims_ws/install/turtlebot3_navigation2:/home/simulations/ros2_sims_ws/install/turtlebot3_msgs:/home/simulations/ros2_sims_ws/install/turtlebot3_gazebo:/home/simulations/ros2_sims_ws/install/turtlebot3_bringup:/home/simulations/ros2_sims_ws/install/turtlebot3_description:/home/simulations/ros2_sims_ws/install/turtlebot3_cartographer:/home/simulations/ros2_sims_ws/install/turtlebot3_as:/home/simulations/ros2_sims_ws/install/t3_action_msg:/home/simulations/ros2_sims_ws/install/dynamixel_sdk LD_LIBRARY_PATH=/home/user/ros2_ws/install/services_quiz_srv/lib:/home/simulations/ros2_sims_ws/install/turtlebot3_msgs/lib:/home/simulations/ros2_sims_ws/install/t3_action_msg/lib:/home/simulations/ros2_sims_ws/install/dynamixel_sdk/lib:/opt/ros/humble/opt/rviz_ogre_vendor/lib:/opt/ros/humble/lib/x86_64-linux-gnu:/opt/ros/humble/lib:/usr/local/cuda-10.2/lib64:/home/user/.catkin_ws_python3/src/TensorRT-7.0.0.11/lib:/usr/lib/x86_64-linux-gnu/gazebo-11/plugins PYTHONPATH=/home/user/ros2_ws/build/services_quiz/prefix_override:/home/user/ros2_ws/install/services_quiz/lib/python3.10/site-packages:${PYTHONPATH} _=/usr/bin/env /usr/bin/python3 setup.py egg_info --egg-base ../../build/services_quiz build --build-base /home/user/ros2_ws/build/services_quiz/build install --record /home/user/ros2_ws/build/services_quiz/install.log --single-version-externally-managed
[19.056s] Level 1:colcon.colcon_core.environment:checking '/home/user/ros2_ws/install/services_quiz' for CMake module files
[19.057s] DEBUG:colcon.colcon_core.event_handler.log_command:Invoked command in '/home/user/ros2_ws/src/services_quiz' returned '0': CMAKE_PREFIX_PATH=/home/user/ros2_ws/install/services_quiz_srv:/home/simulations/ros2_sims_ws/install/turtlebot3:/home/simulations/ros2_sims_ws/install/turtlebot3_simulations:/home/simulations/ros2_sims_ws/install/turtlebot3_navigation2:/home/simulations/ros2_sims_ws/install/turtlebot3_msgs:/home/simulations/ros2_sims_ws/install/turtlebot3_gazebo:/home/simulations/ros2_sims_ws/install/turtlebot3_bringup:/home/simulations/ros2_sims_ws/install/turtlebot3_description:/home/simulations/ros2_sims_ws/install/turtlebot3_cartographer:/home/simulations/ros2_sims_ws/install/turtlebot3_as:/home/simulations/ros2_sims_ws/install/t3_action_msg:/home/simulations/ros2_sims_ws/install/dynamixel_sdk LD_LIBRARY_PATH=/home/user/ros2_ws/install/services_quiz_srv/lib:/home/simulations/ros2_sims_ws/install/turtlebot3_msgs/lib:/home/simulations/ros2_sims_ws/install/t3_action_msg/lib:/home/simulations/ros2_sims_ws/install/dynamixel_sdk/lib:/opt/ros/humble/opt/rviz_ogre_vendor/lib:/opt/ros/humble/lib/x86_64-linux-gnu:/opt/ros/humble/lib:/usr/local/cuda-10.2/lib64:/home/user/.catkin_ws_python3/src/TensorRT-7.0.0.11/lib:/usr/lib/x86_64-linux-gnu/gazebo-11/plugins PYTHONPATH=/home/user/ros2_ws/build/services_quiz/prefix_override:/home/user/ros2_ws/install/services_quiz/lib/python3.10/site-packages:${PYTHONPATH} _=/usr/bin/env /usr/bin/python3 setup.py egg_info --egg-base ../../build/services_quiz build --build-base /home/user/ros2_ws/build/services_quiz/build install --record /home/user/ros2_ws/build/services_quiz/install.log --single-version-externally-managed
[19.058s] Level 1:colcon.colcon_core.environment:checking '/home/user/ros2_ws/install/services_quiz' for CMake config files
[19.059s] Level 1:colcon.colcon_core.environment:checking '/home/user/ros2_ws/install/services_quiz/lib'
[19.059s] Level 1:colcon.colcon_core.environment:checking '/home/user/ros2_ws/install/services_quiz/bin'
[19.059s] Level 1:colcon.colcon_core.environment:checking '/home/user/ros2_ws/install/services_quiz/lib/pkgconfig/services_quiz.pc'
[19.060s] Level 1:colcon.colcon_core.environment:checking '/home/user/ros2_ws/install/services_quiz/lib/python3.10/site-packages'
[19.060s] Level 1:colcon.colcon_core.shell:create_environment_hook('services_quiz', 'pythonpath')
[19.063s] INFO:colcon.colcon_core.shell:Creating environment hook '/home/user/ros2_ws/install/services_quiz/share/services_quiz/hook/pythonpath.ps1'
[19.064s] INFO:colcon.colcon_core.shell:Creating environment descriptor '/home/user/ros2_ws/install/services_quiz/share/services_quiz/hook/pythonpath.dsv'
[19.065s] INFO:colcon.colcon_core.shell:Creating environment hook '/home/user/ros2_ws/install/services_quiz/share/services_quiz/hook/pythonpath.sh'
[19.066s] Level 1:colcon.colcon_core.environment:checking '/home/user/ros2_ws/install/services_quiz/bin'
[19.066s] Level 1:colcon.colcon_core.environment:create_environment_scripts_only(services_quiz)
[19.069s] INFO:colcon.colcon_core.shell:Creating package script '/home/user/ros2_ws/install/services_quiz/share/services_quiz/package.ps1'
[19.070s] INFO:colcon.colcon_core.shell:Creating package descriptor '/home/user/ros2_ws/install/services_quiz/share/services_quiz/package.dsv'
[19.071s] INFO:colcon.colcon_core.shell:Creating package script '/home/user/ros2_ws/install/services_quiz/share/services_quiz/package.sh'
[19.071s] INFO:colcon.colcon_core.shell:Creating package script '/home/user/ros2_ws/install/services_quiz/share/services_quiz/package.bash'
[19.072s] INFO:colcon.colcon_core.shell:Creating package script '/home/user/ros2_ws/install/services_quiz/share/services_quiz/package.zsh'
[19.073s] Level 1:colcon.colcon_core.environment:create_file_with_runtime_dependencies(/home/user/ros2_ws/install/services_quiz/share/colcon-core/packages/services_quiz)
[19.073s] DEBUG:colcon.colcon_parallel_executor.executor.parallel:closing loop
[19.074s] DEBUG:colcon.colcon_parallel_executor.executor.parallel:loop closed
[19.074s] DEBUG:colcon.colcon_parallel_executor.executor.parallel:run_until_complete finished with '0'
[19.074s] DEBUG:colcon.colcon_core.event_reactor:joining thread
[19.083s] INFO:colcon.colcon_core.plugin_system:Skipping extension 'colcon_notification.desktop_notification.notify_send': Could not find 'notify-send'
[19.084s] INFO:colcon.colcon_core.plugin_system:Skipping extension 'colcon_notification.desktop_notification.terminal_notifier': Not used on non-Darwin systems
[19.084s] INFO:colcon.colcon_core.plugin_system:Skipping extension 'colcon_notification.desktop_notification.win32': Not used on non-Windows systems
[19.084s] INFO:colcon.colcon_notification.desktop_notification:Sending desktop notification using 'notify2'
[19.088s] DEBUG:colcon.colcon_notification.desktop_notification.notify2:Failed to initialize notify2: org.freedesktop.DBus.Error.Spawn.ExecFailed: /usr/bin/dbus-launch terminated abnormally without any error message
[19.088s] DEBUG:colcon.colcon_core.event_reactor:joined thread
[19.091s] INFO:colcon.colcon_core.shell:Creating prefix script '/home/user/ros2_ws/install/local_setup.ps1'
[19.093s] INFO:colcon.colcon_core.shell:Creating prefix util module '/home/user/ros2_ws/install/_local_setup_util_ps1.py'
[19.095s] INFO:colcon.colcon_core.shell:Creating prefix chain script '/home/user/ros2_ws/install/setup.ps1'
[19.099s] INFO:colcon.colcon_core.shell:Creating prefix script '/home/user/ros2_ws/install/local_setup.sh'
[19.100s] INFO:colcon.colcon_core.shell:Creating prefix util module '/home/user/ros2_ws/install/_local_setup_util_sh.py'
[19.101s] INFO:colcon.colcon_core.shell:Creating prefix chain script '/home/user/ros2_ws/install/setup.sh'
[19.106s] INFO:colcon.colcon_core.shell:Creating prefix script '/home/user/ros2_ws/install/local_setup.bash'
[19.106s] INFO:colcon.colcon_core.shell:Creating prefix chain script '/home/user/ros2_ws/install/setup.bash'
[19.111s] INFO:colcon.colcon_core.shell:Creating prefix script '/home/user/ros2_ws/install/local_setup.zsh'
[19.112s] INFO:colcon.colcon_core.shell:Creating prefix chain script '/home/user/ros2_ws/install/setup.zsh'
