running egg_info
creating ../../build/unit5_pkg/unit5_pkg.egg-info
writing ../../build/unit5_pkg/unit5_pkg.egg-info/PKG-INFO
writing dependency_links to ../../build/unit5_pkg/unit5_pkg.egg-info/dependency_links.txt
writing entry points to ../../build/unit5_pkg/unit5_pkg.egg-info/entry_points.txt
writing requirements to ../../build/unit5_pkg/unit5_pkg.egg-info/requires.txt
writing top-level names to ../../build/unit5_pkg/unit5_pkg.egg-info/top_level.txt
writing manifest file '../../build/unit5_pkg/unit5_pkg.egg-info/SOURCES.txt'
reading manifest file '../../build/unit5_pkg/unit5_pkg.egg-info/SOURCES.txt'
writing manifest file '../../build/unit5_pkg/unit5_pkg.egg-info/SOURCES.txt'
running build
running build_py
creating /home/user/ros2_ws/build/unit5_pkg/build
creating /home/user/ros2_ws/build/unit5_pkg/build/lib
creating /home/user/ros2_ws/build/unit5_pkg/build/lib/unit5_pkg
copying unit5_pkg/exercise51.py -> /home/user/ros2_ws/build/unit5_pkg/build/lib/unit5_pkg
copying unit5_pkg/__init__.py -> /home/user/ros2_ws/build/unit5_pkg/build/lib/unit5_pkg
running install
running install_lib
creating /home/user/ros2_ws/install/unit5_pkg/lib/python3.10/site-packages/unit5_pkg
copying /home/user/ros2_ws/build/unit5_pkg/build/lib/unit5_pkg/exercise51.py -> /home/user/ros2_ws/install/unit5_pkg/lib/python3.10/site-packages/unit5_pkg
copying /home/user/ros2_ws/build/unit5_pkg/build/lib/unit5_pkg/__init__.py -> /home/user/ros2_ws/install/unit5_pkg/lib/python3.10/site-packages/unit5_pkg
byte-compiling /home/user/ros2_ws/install/unit5_pkg/lib/python3.10/site-packages/unit5_pkg/exercise51.py to exercise51.cpython-310.pyc
byte-compiling /home/user/ros2_ws/install/unit5_pkg/lib/python3.10/site-packages/unit5_pkg/__init__.py to __init__.cpython-310.pyc
running install_data
creating /home/user/ros2_ws/install/unit5_pkg/share/ament_index
creating /home/user/ros2_ws/install/unit5_pkg/share/ament_index/resource_index
creating /home/user/ros2_ws/install/unit5_pkg/share/ament_index/resource_index/packages
copying resource/unit5_pkg -> /home/user/ros2_ws/install/unit5_pkg/share/ament_index/resource_index/packages
copying package.xml -> /home/user/ros2_ws/install/unit5_pkg/share/unit5_pkg
creating /home/user/ros2_ws/install/unit5_pkg/share/unit5_pkg/launch
copying launch/exercise51.launch.py -> /home/user/ros2_ws/install/unit5_pkg/share/unit5_pkg/launch
running install_egg_info
Copying ../../build/unit5_pkg/unit5_pkg.egg-info to /home/user/ros2_ws/install/unit5_pkg/lib/python3.10/site-packages/unit5_pkg-0.0.0-py3.10.egg-info
running install_scripts
Installing exercise51 script to /home/user/ros2_ws/install/unit5_pkg/lib/unit5_pkg
writing list of installed files to '/home/user/ros2_ws/build/unit5_pkg/install.log'
