[1.089s] Invoking command in '/home/user/ros2_ws/src/unit5_pkg': PYTHONPATH=/home/user/ros2_ws/install/unit5_pkg/lib/python3.10/site-packages:${PYTHONPATH} _=/usr/bin/env /usr/bin/python3 setup.py egg_info --egg-base ../../build/unit5_pkg build --build-base /home/user/ros2_ws/build/unit5_pkg/build install --prefix /home/user/ros2_ws/install/unit5_pkg --record /home/user/ros2_ws/build/unit5_pkg/install.log --single-version-externally-managed
[1.518s] running egg_info
[1.519s] creating ../../build/unit5_pkg/unit5_pkg.egg-info
[1.519s] writing ../../build/unit5_pkg/unit5_pkg.egg-info/PKG-INFO
[1.519s] writing dependency_links to ../../build/unit5_pkg/unit5_pkg.egg-info/dependency_links.txt
[1.520s] writing entry points to ../../build/unit5_pkg/unit5_pkg.egg-info/entry_points.txt
[1.520s] writing requirements to ../../build/unit5_pkg/unit5_pkg.egg-info/requires.txt
[1.520s] writing top-level names to ../../build/unit5_pkg/unit5_pkg.egg-info/top_level.txt
[1.521s] writing manifest file '../../build/unit5_pkg/unit5_pkg.egg-info/SOURCES.txt'
[1.523s] reading manifest file '../../build/unit5_pkg/unit5_pkg.egg-info/SOURCES.txt'
[1.524s] writing manifest file '../../build/unit5_pkg/unit5_pkg.egg-info/SOURCES.txt'
[1.524s] running build
[1.524s] running build_py
[1.525s] creating /home/user/ros2_ws/build/unit5_pkg/build
[1.525s] creating /home/user/ros2_ws/build/unit5_pkg/build/lib
[1.525s] creating /home/user/ros2_ws/build/unit5_pkg/build/lib/unit5_pkg
[1.526s] copying unit5_pkg/exercise51.py -> /home/user/ros2_ws/build/unit5_pkg/build/lib/unit5_pkg
[1.526s] copying unit5_pkg/__init__.py -> /home/user/ros2_ws/build/unit5_pkg/build/lib/unit5_pkg
[1.526s] running install
[1.526s] /usr/lib/python3/dist-packages/setuptools/command/install.py:34: SetuptoolsDeprecationWarning: setup.py install is deprecated. Use build and pip and other standards-based tools.
[1.526s]   warnings.warn(
[1.526s] running install_lib
[1.527s] creating /home/user/ros2_ws/install/unit5_pkg/lib/python3.10/site-packages/unit5_pkg
[1.527s] copying /home/user/ros2_ws/build/unit5_pkg/build/lib/unit5_pkg/exercise51.py -> /home/user/ros2_ws/install/unit5_pkg/lib/python3.10/site-packages/unit5_pkg
[1.527s] copying /home/user/ros2_ws/build/unit5_pkg/build/lib/unit5_pkg/__init__.py -> /home/user/ros2_ws/install/unit5_pkg/lib/python3.10/site-packages/unit5_pkg
[1.528s] byte-compiling /home/user/ros2_ws/install/unit5_pkg/lib/python3.10/site-packages/unit5_pkg/exercise51.py to exercise51.cpython-310.pyc
[1.530s] byte-compiling /home/user/ros2_ws/install/unit5_pkg/lib/python3.10/site-packages/unit5_pkg/__init__.py to __init__.cpython-310.pyc
[1.530s] running install_data
[1.531s] creating /home/user/ros2_ws/install/unit5_pkg/share/ament_index
[1.531s] creating /home/user/ros2_ws/install/unit5_pkg/share/ament_index/resource_index
[1.531s] creating /home/user/ros2_ws/install/unit5_pkg/share/ament_index/resource_index/packages
[1.531s] copying resource/unit5_pkg -> /home/user/ros2_ws/install/unit5_pkg/share/ament_index/resource_index/packages
[1.532s] copying package.xml -> /home/user/ros2_ws/install/unit5_pkg/share/unit5_pkg
[1.532s] creating /home/user/ros2_ws/install/unit5_pkg/share/unit5_pkg/launch
[1.532s] copying launch/exercise51.launch.py -> /home/user/ros2_ws/install/unit5_pkg/share/unit5_pkg/launch
[1.532s] running install_egg_info
[1.534s] Copying ../../build/unit5_pkg/unit5_pkg.egg-info to /home/user/ros2_ws/install/unit5_pkg/lib/python3.10/site-packages/unit5_pkg-0.0.0-py3.10.egg-info
[1.536s] running install_scripts
[1.567s] Installing exercise51 script to /home/user/ros2_ws/install/unit5_pkg/lib/unit5_pkg
[1.568s] writing list of installed files to '/home/user/ros2_ws/build/unit5_pkg/install.log'
[1.599s] Invoked command in '/home/user/ros2_ws/src/unit5_pkg' returned '0': PYTHONPATH=/home/user/ros2_ws/install/unit5_pkg/lib/python3.10/site-packages:${PYTHONPATH} _=/usr/bin/env /usr/bin/python3 setup.py egg_info --egg-base ../../build/unit5_pkg build --build-base /home/user/ros2_ws/build/unit5_pkg/build install --prefix /home/user/ros2_ws/install/unit5_pkg --record /home/user/ros2_ws/build/unit5_pkg/install.log --single-version-externally-managed
