[0.043s] Invoking command in '/home/user/ros2_ws/build/custom_interfaces': _=/usr/bin/env /usr/bin/cmake /home/user/ros2_ws/src/custom_interfaces -DCMAKE_INSTALL_PREFIX=/home/user/ros2_ws/install/custom_interfaces
[0.069s] [33mCMake Warning (dev) at CMakeLists.txt:16:
[0.070s]   Syntax Warning in cmake code at column 16
[0.070s] 
[0.070s]   Argument not separated from preceding token by whitespace.
[0.070s] This warning is for project developers.  Use -Wno-dev to suppress it.
[0.070s] [0m
[0.071s] -- Found ament_cmake: 1.3.2 (/opt/ros/humble/share/ament_cmake/cmake)
[0.355s] -- Found rclcpp: 16.0.1 (/opt/ros/humble/share/rclcpp/cmake)
[0.428s] -- Found rosidl_generator_c: 3.1.3 (/opt/ros/humble/share/rosidl_generator_c/cmake)
[0.432s] -- Found rosidl_adapter: 3.1.3 (/opt/ros/humble/share/rosidl_adapter/cmake)
[0.443s] -- Found rosidl_generator_cpp: 3.1.3 (/opt/ros/humble/share/rosidl_generator_cpp/cmake)
[0.468s] -- Using all available rosidl_typesupport_c: rosidl_typesupport_fastrtps_c;rosidl_typesupport_introspection_c
[0.502s] -- Using all available rosidl_typesupport_cpp: rosidl_typesupport_fastrtps_cpp;rosidl_typesupport_introspection_cpp
[0.632s] -- Found rmw_implementation_cmake: 6.1.0 (/opt/ros/humble/share/rmw_implementation_cmake/cmake)
[0.636s] -- Found rmw_fastrtps_cpp: 6.2.1 (/opt/ros/humble/share/rmw_fastrtps_cpp/cmake)
[0.923s] -- Using RMW implementation 'rmw_fastrtps_cpp' as default
[1.224s] -- Found rosidl_default_generators: 1.2.0 (/opt/ros/humble/share/rosidl_default_generators/cmake)
[1.249s] -- Found action_msgs: 1.2.0 (/opt/ros/humble/share/action_msgs/cmake)
[1.366s] [31mCMake Error at /opt/ros/humble/share/rosidl_cmake/cmake/rosidl_generate_interfaces.cmake:93 (message):
[1.366s]   rosidl_generate_interfaces() the passed file ',' doesn't exist relative to
[1.366s]   the CMAKE_CURRENT_SOURCE_DIR '/home/user/ros2_ws/src/custom_interfaces'
[1.366s] Call Stack (most recent call first):
[1.367s]   CMakeLists.txt:15 (rosidl_generate_interfaces)
[1.367s] 
[1.367s] [0m
[1.367s] -- Configuring incomplete, errors occurred!
[1.367s] See also "/home/user/ros2_ws/build/custom_interfaces/CMakeFiles/CMakeOutput.log".
[1.377s] Invoked command in '/home/user/ros2_ws/build/custom_interfaces' returned '1': _=/usr/bin/env /usr/bin/cmake /home/user/ros2_ws/src/custom_interfaces -DCMAKE_INSTALL_PREFIX=/home/user/ros2_ws/install/custom_interfaces
