[0.040s] Invoking command in '/home/user/ros2_ws/build/custom_interfaces': _=/usr/bin/env /usr/bin/cmake /home/user/ros2_ws/src/custom_interfaces -DCMAKE_INSTALL_PREFIX=/home/user/ros2_ws/install/custom_interfaces
[0.071s] -- Found ament_cmake: 1.3.2 (/opt/ros/humble/share/ament_cmake/cmake)
[0.382s] -- Found rclcpp: 16.0.1 (/opt/ros/humble/share/rclcpp/cmake)
[0.453s] -- Found rosidl_generator_c: 3.1.3 (/opt/ros/humble/share/rosidl_generator_c/cmake)
[0.459s] -- Found rosidl_adapter: 3.1.3 (/opt/ros/humble/share/rosidl_adapter/cmake)
[0.471s] -- Found rosidl_generator_cpp: 3.1.3 (/opt/ros/humble/share/rosidl_generator_cpp/cmake)
[0.495s] -- Using all available rosidl_typesupport_c: rosidl_typesupport_fastrtps_c;rosidl_typesupport_introspection_c
[0.530s] -- Using all available rosidl_typesupport_cpp: rosidl_typesupport_fastrtps_cpp;rosidl_typesupport_introspection_cpp
[0.670s] -- Found rmw_implementation_cmake: 6.1.0 (/opt/ros/humble/share/rmw_implementation_cmake/cmake)
[0.673s] -- Found rmw_fastrtps_cpp: 6.2.1 (/opt/ros/humble/share/rmw_fastrtps_cpp/cmake)
[0.966s] -- Using RMW implementation 'rmw_fastrtps_cpp' as default
[1.285s] -- Found rosidl_default_generators: 1.2.0 (/opt/ros/humble/share/rosidl_default_generators/cmake)
[1.303s] -- Found action_msgs: 1.2.0 (/opt/ros/humble/share/action_msgs/cmake)
[1.859s] Error parsing '/home/user/ros2_ws/src/custom_interfaces/package.xml':
[1.859s] Traceback (most recent call last):
[1.859s]   File "/opt/ros/humble/share/ament_cmake_core/cmake/core/package_xml_2_cmake.py", line 150, in <module>
[1.859s]     main()
[1.859s]   File "/opt/ros/humble/share/ament_cmake_core/cmake/core/package_xml_2_cmake.py", line 53, in main
[1.860s]     raise e
[1.860s]   File "/opt/ros/humble/share/ament_cmake_core/cmake/core/package_xml_2_cmake.py", line 49, in main
[1.860s]     package = parse_package_string(
[1.860s]   File "/usr/lib/python3/dist-packages/catkin_pkg/package.py", line 786, in parse_package_string
[1.860s]     raise InvalidPackage('Error(s):%s' % (''.join(['\n- %s' % e for e in errors])), filename)
[1.860s] catkin_pkg.package.InvalidPackage: Error(s) in package '/home/user/ros2_ws/src/custom_interfaces/package.xml':
[1.861s] Error(s):
[1.861s] - The generic dependency on 'rosidl_default_generators' is redundant with: build_depend
[1.861s] [31mCMake Error at /opt/ros/humble/share/ament_cmake_core/cmake/core/ament_package_xml.cmake:95 (message):
[1.861s]   execute_process(/usr/bin/python3.10
[1.862s]   /opt/ros/humble/share/ament_cmake_core/cmake/core/package_xml_2_cmake.py
[1.862s]   /home/user/ros2_ws/src/custom_interfaces/package.xml
[1.863s]   /home/user/ros2_ws/build/custom_interfaces/ament_cmake_core/package.cmake)
[1.863s]   returned error code 1
[1.863s] Call Stack (most recent call first):
[1.863s]   /opt/ros/humble/share/ament_cmake_core/cmake/core/ament_package_xml.cmake:49 (_ament_package_xml)
[1.863s]   /opt/ros/humble/share/rosidl_cmake/cmake/rosidl_generate_interfaces.cmake:226 (ament_package_xml)
[1.863s]   CMakeLists.txt:15 (rosidl_generate_interfaces)
[1.864s] 
[1.864s] [0m
[1.864s] -- Configuring incomplete, errors occurred!
[1.864s] See also "/home/user/ros2_ws/build/custom_interfaces/CMakeFiles/CMakeOutput.log".
[1.875s] Invoked command in '/home/user/ros2_ws/build/custom_interfaces' returned '1': _=/usr/bin/env /usr/bin/cmake /home/user/ros2_ws/src/custom_interfaces -DCMAKE_INSTALL_PREFIX=/home/user/ros2_ws/install/custom_interfaces
